2019-06-10 21:34:34 INFO  BaseTest:18 - Starting Test Case : doLogin
2019-06-10 21:34:34 INFO  PayloadGenerator:15 - Inside PayloadConverter function
2019-06-10 21:34:34 INFO  URL:17 - URI End Point : http://localhost:8080/rest/auth/1/session
2019-06-10 21:34:34 INFO  RESTCalls:27 - Inside POSTRequest call
2019-06-10 21:34:35 DEBUG BasicClientConnectionManager:164 - Get connection for route {}->http://localhost:8080
2019-06-10 21:34:35 DEBUG DefaultClientConnectionOperator:176 - Connecting to localhost:8080
2019-06-10 21:34:35 DEBUG RequestAddCookies:122 - CookieSpec selected: ignoreCookies
2019-06-10 21:34:35 DEBUG RequestAuthCache:76 - Auth cache not set in the context
2019-06-10 21:34:35 DEBUG RequestTargetAuthentication:79 - Target auth state: UNCHALLENGED
2019-06-10 21:34:35 DEBUG RequestProxyAuthentication:88 - Proxy auth state: UNCHALLENGED
2019-06-10 21:34:35 DEBUG DefaultHttpClient:684 - Attempt 1 to execute request
2019-06-10 21:34:35 DEBUG DefaultClientConnection:276 - Sending request: POST /rest/auth/1/session HTTP/1.1
2019-06-10 21:34:35 DEBUG wire:72 -  >> "POST /rest/auth/1/session HTTP/1.1[\r][\n]"
2019-06-10 21:34:35 DEBUG wire:72 -  >> "Accept: */*[\r][\n]"
2019-06-10 21:34:35 DEBUG wire:72 -  >> "Content-Type: application/json; charset=UTF-8[\r][\n]"
2019-06-10 21:34:35 DEBUG wire:72 -  >> "Content-Length: 56[\r][\n]"
2019-06-10 21:34:35 DEBUG wire:72 -  >> "Host: localhost:8080[\r][\n]"
2019-06-10 21:34:35 DEBUG wire:72 -  >> "Connection: Keep-Alive[\r][\n]"
2019-06-10 21:34:35 DEBUG wire:72 -  >> "User-Agent: Apache-HttpClient/4.5.2 (Java/1.8.0_181)[\r][\n]"
2019-06-10 21:34:35 DEBUG wire:72 -  >> "Accept-Encoding: gzip,deflate[\r][\n]"
2019-06-10 21:34:35 DEBUG wire:72 -  >> "[\r][\n]"
2019-06-10 21:34:35 DEBUG headers:280 - >> POST /rest/auth/1/session HTTP/1.1
2019-06-10 21:34:35 DEBUG headers:283 - >> Accept: */*
2019-06-10 21:34:35 DEBUG headers:283 - >> Content-Type: application/json; charset=UTF-8
2019-06-10 21:34:35 DEBUG headers:283 - >> Content-Length: 56
2019-06-10 21:34:35 DEBUG headers:283 - >> Host: localhost:8080
2019-06-10 21:34:35 DEBUG headers:283 - >> Connection: Keep-Alive
2019-06-10 21:34:35 DEBUG headers:283 - >> User-Agent: Apache-HttpClient/4.5.2 (Java/1.8.0_181)
2019-06-10 21:34:35 DEBUG headers:283 - >> Accept-Encoding: gzip,deflate
2019-06-10 21:34:35 DEBUG wire:72 -  >> "{  [\n]"
2019-06-10 21:34:35 DEBUG wire:72 -  >> "   "username":"testdata",[\n]"
2019-06-10 21:34:35 DEBUG wire:72 -  >> "   "password":"testdata"[\n]"
2019-06-10 21:34:35 DEBUG wire:86 -  >> "}"
2019-06-10 21:34:35 DEBUG wire:72 -  << "HTTP/1.1 200 [\r][\n]"
2019-06-10 21:34:35 DEBUG wire:72 -  << "X-AREQUESTID: 1294x85x1[\r][\n]"
2019-06-10 21:34:35 DEBUG wire:72 -  << "X-XSS-Protection: 1; mode=block[\r][\n]"
2019-06-10 21:34:35 DEBUG wire:72 -  << "X-Content-Type-Options: nosniff[\r][\n]"
2019-06-10 21:34:35 DEBUG wire:72 -  << "X-Frame-Options: SAMEORIGIN[\r][\n]"
2019-06-10 21:34:35 DEBUG wire:72 -  << "Content-Security-Policy: frame-ancestors 'self'[\r][\n]"
2019-06-10 21:34:35 DEBUG wire:72 -  << "X-ASEN: SEN-L13739518[\r][\n]"
2019-06-10 21:34:35 DEBUG wire:72 -  << "Set-Cookie: atlassian.xsrf.token=BCQS-8XKQ-SSSI-ZZID_fa0750ef3e788e3e958ab6a45b7005a5469ff861_lout; Path=/[\r][\n]"
2019-06-10 21:34:35 DEBUG wire:72 -  << "X-AUSERNAME: anonymous[\r][\n]"
2019-06-10 21:34:35 DEBUG wire:72 -  << "Set-Cookie: JSESSIONID=2552E462671D33DC4FC6B40C0DC6BFBF; Path=/; HttpOnly[\r][\n]"
2019-06-10 21:34:35 DEBUG wire:72 -  << "X-Seraph-LoginReason: OK[\r][\n]"
2019-06-10 21:34:35 DEBUG wire:72 -  << "Cache-Control: no-cache, no-store, no-transform[\r][\n]"
2019-06-10 21:34:35 DEBUG wire:72 -  << "Content-Encoding: gzip[\r][\n]"
2019-06-10 21:34:35 DEBUG wire:72 -  << "Vary: User-Agent[\r][\n]"
2019-06-10 21:34:35 DEBUG wire:72 -  << "Content-Type: application/json;charset=UTF-8[\r][\n]"
2019-06-10 21:34:35 DEBUG wire:72 -  << "Transfer-Encoding: chunked[\r][\n]"
2019-06-10 21:34:35 DEBUG wire:72 -  << "Date: Tue, 11 Jun 2019 01:34:35 GMT[\r][\n]"
2019-06-10 21:34:35 DEBUG wire:72 -  << "[\r][\n]"
2019-06-10 21:34:35 DEBUG DefaultClientConnection:261 - Receiving response: HTTP/1.1 200 
2019-06-10 21:34:35 DEBUG headers:264 - << HTTP/1.1 200 
2019-06-10 21:34:35 DEBUG headers:267 - << X-AREQUESTID: 1294x85x1
2019-06-10 21:34:35 DEBUG headers:267 - << X-XSS-Protection: 1; mode=block
2019-06-10 21:34:35 DEBUG headers:267 - << X-Content-Type-Options: nosniff
2019-06-10 21:34:35 DEBUG headers:267 - << X-Frame-Options: SAMEORIGIN
2019-06-10 21:34:35 DEBUG headers:267 - << Content-Security-Policy: frame-ancestors 'self'
2019-06-10 21:34:35 DEBUG headers:267 - << X-ASEN: SEN-L13739518
2019-06-10 21:34:35 DEBUG headers:267 - << Set-Cookie: atlassian.xsrf.token=BCQS-8XKQ-SSSI-ZZID_fa0750ef3e788e3e958ab6a45b7005a5469ff861_lout; Path=/
2019-06-10 21:34:35 DEBUG headers:267 - << X-AUSERNAME: anonymous
2019-06-10 21:34:35 DEBUG headers:267 - << Set-Cookie: JSESSIONID=2552E462671D33DC4FC6B40C0DC6BFBF; Path=/; HttpOnly
2019-06-10 21:34:35 DEBUG headers:267 - << X-Seraph-LoginReason: OK
2019-06-10 21:34:35 DEBUG headers:267 - << Cache-Control: no-cache, no-store, no-transform
2019-06-10 21:34:35 DEBUG headers:267 - << Content-Encoding: gzip
2019-06-10 21:34:35 DEBUG headers:267 - << Vary: User-Agent
2019-06-10 21:34:35 DEBUG headers:267 - << Content-Type: application/json;charset=UTF-8
2019-06-10 21:34:35 DEBUG headers:267 - << Transfer-Encoding: chunked
2019-06-10 21:34:35 DEBUG headers:267 - << Date: Tue, 11 Jun 2019 01:34:35 GMT
2019-06-10 21:34:35 DEBUG DefaultHttpClient:511 - Connection can be kept alive indefinitely
2019-06-10 21:34:35 DEBUG RequestSpecificationImpl$RestAssuredHttpBuilder:545 - Parsing response as: application/json;charset=UTF-8
2019-06-10 21:34:35 DEBUG wire:72 -  << "b6[\r][\n]"
2019-06-10 21:34:35 DEBUG wire:86 -  << "[0x1f]"
2019-06-10 21:34:35 DEBUG wire:86 -  << "[0x8b]"
2019-06-10 21:34:35 DEBUG wire:86 -  << "[0x8]"
2019-06-10 21:34:35 DEBUG wire:86 -  << "[0x0]"
2019-06-10 21:34:35 DEBUG wire:86 -  << "[0x0][0x0][0x0][0x0][0x0][0x0]"
2019-06-10 21:34:35 DEBUG RequestSpecificationImpl$RestAssuredHttpBuilder:548 - Parsed data to instance of: class org.apache.http.conn.EofSensorInputStream
2019-06-10 21:34:35 DEBUG RESTCalls:31 - io.restassured.internal.RequestSpecificationImpl@6ee660fb
2019-06-10 21:34:35 DEBUG wire:72 -  << "l[0x8e][0xcb][\n]"
2019-06-10 21:34:35 DEBUG wire:72 -  << "[0x83]0[0x14]D[0xff][0xe5][0xae]Un[0x1e]F[0xcd][0xd2]G[0xc0]R[0xda][0x85][0xfe][0x80]P-[0x1][0x9b][0x94]F[0xdd][0x88][0xff][0xde][0xd8][\n]"
2019-06-10 21:34:35 DEBUG wire:72 -  << "[0xdd]t5[0xcc]0g[0x98][0x15]\[0xef][0x9c][0xb6][0x6][0xe4][\n]"
2019-06-10 21:34:35 DEBUG wire:86 -  << "[0xa6]{[0xf4] [0xe1][0xd4]TMS_/u[0x9][0x1],[0xdd]8[0xef]![0x8d]cZqAEBJ[0xc6][0xca][0x82][0xab]B[0xe4][0x1c][0xb],[0xbd][0xaa]\[0xc1][0x16][0xc0]h[0xef][0xda][0xd4]f[0xb0][0xfb][0xd8][0xd0][0xe9][0xb1][0xbf][0x9d][0xf7][0xa8][0xb0][0xb3][0x99]@[0xd2][0xa3]qX[0x96]z[0xdf][0xb9]I[0xfd][0x8a][0xad][0xfe][0x1c][0xa0]H[0xb2][0x10]E[0x88]YK[0x99]$[0xa9]D[0x16][0x9]AC[0xe4][0x88][0xfe][0xd2][0xf3][0xd5]/[0xda][0xce][0xee][0x1f]B[0xb0][0xa5]D2[0xee][0xa9][0x88]%[0xf1][0x17][0xd9][0xb6]7[0x0][0x0][0x0][0xff][0xff]"
2019-06-10 21:34:35 DEBUG wire:72 -  << "[\r][\n]"
2019-06-10 21:34:35 DEBUG wire:72 -  << "a[\r][\n]"
2019-06-10 21:34:35 DEBUG wire:86 -  << "[0x3][0x0][0xf9][0x90][0xb9][0xa4][0xe7][0x0][0x0][0x0]"
2019-06-10 21:34:35 DEBUG wire:72 -  << "[\r][\n]"
2019-06-10 21:34:35 DEBUG wire:72 -  << "0[\r][\n]"
2019-06-10 21:34:35 DEBUG wire:72 -  << "[\r][\n]"
2019-06-10 21:34:35 DEBUG BasicClientConnectionManager:203 - Releasing connection org.apache.http.impl.conn.ManagedClientConnectionImpl@6492fab5
2019-06-10 21:34:35 DEBUG BasicClientConnectionManager:228 - Connection can be kept alive indefinitely
2019-06-10 21:34:35 INFO  BaseTest:25 - Login Response Body: {"session":{"name":"JSESSIONID","value":"2552E462671D33DC4FC6B40C0DC6BFBF"},"loginInfo":{"failedLoginCount":2,"loginCount":38,"lastFailedLoginTime":"2019-06-09T23:18:03.662-0400","previousLoginTime":"2019-06-10T21:34:18.375-0400"}}
2019-06-10 21:34:35 INFO  TestUtils:15 - Converting Response to String
2019-06-10 21:34:35 DEBUG TestUtils:17 - String Response{"session":{"name":"JSESSIONID","value":"2552E462671D33DC4FC6B40C0DC6BFBF"},"loginInfo":{"failedLoginCount":2,"loginCount":38,"lastFailedLoginTime":"2019-06-09T23:18:03.662-0400","previousLoginTime":"2019-06-10T21:34:18.375-0400"}}
2019-06-10 21:34:35 INFO  TestUtils:22 - Parsing String Response to JSON
2019-06-10 21:34:35 DEBUG TestUtils:24 - JSON Response: io.restassured.path.json.JsonPath@47f4e407
2019-06-10 21:34:35 INFO  BaseTest:30 - JIRA JSession ID : 2552E462671D33DC4FC6B40C0DC6BFBF
2019-06-10 21:34:35 INFO  PayloadGenerator:15 - Inside PayloadConverter function
2019-06-10 21:34:35 INFO  URL:17 - URI End Point : http://localhost:8080/rest/api/2/issue/
2019-06-10 21:34:35 INFO  RESTCalls:36 - Inside POSTRequest call
2019-06-10 21:34:35 DEBUG BasicClientConnectionManager:164 - Get connection for route {}->http://localhost:8080
2019-06-10 21:34:35 DEBUG DefaultClientConnectionOperator:176 - Connecting to localhost:8080
2019-06-10 21:34:35 DEBUG RequestAddCookies:122 - CookieSpec selected: ignoreCookies
2019-06-10 21:34:35 DEBUG RequestAuthCache:76 - Auth cache not set in the context
2019-06-10 21:34:35 DEBUG RequestTargetAuthentication:79 - Target auth state: UNCHALLENGED
2019-06-10 21:34:35 DEBUG RequestProxyAuthentication:88 - Proxy auth state: UNCHALLENGED
2019-06-10 21:34:35 DEBUG DefaultHttpClient:684 - Attempt 1 to execute request
2019-06-10 21:34:35 DEBUG DefaultClientConnection:276 - Sending request: POST /rest/api/2/issue/ HTTP/1.1
2019-06-10 21:34:35 DEBUG wire:72 -  >> "POST /rest/api/2/issue/ HTTP/1.1[\r][\n]"
2019-06-10 21:34:35 DEBUG wire:72 -  >> "cookie: JSESSIONID=2552E462671D33DC4FC6B40C0DC6BFBF[\r][\n]"
2019-06-10 21:34:35 DEBUG wire:72 -  >> "Accept: */*[\r][\n]"
2019-06-10 21:34:35 DEBUG wire:72 -  >> "Content-Type: application/json; charset=UTF-8[\r][\n]"
2019-06-10 21:34:35 DEBUG wire:72 -  >> "Content-Length: 300[\r][\n]"
2019-06-10 21:34:35 DEBUG wire:72 -  >> "Host: localhost:8080[\r][\n]"
2019-06-10 21:34:35 DEBUG wire:72 -  >> "Connection: Keep-Alive[\r][\n]"
2019-06-10 21:34:35 DEBUG wire:72 -  >> "User-Agent: Apache-HttpClient/4.5.2 (Java/1.8.0_181)[\r][\n]"
2019-06-10 21:34:35 DEBUG wire:72 -  >> "Accept-Encoding: gzip,deflate[\r][\n]"
2019-06-10 21:34:35 DEBUG wire:72 -  >> "[\r][\n]"
2019-06-10 21:34:35 DEBUG headers:280 - >> POST /rest/api/2/issue/ HTTP/1.1
2019-06-10 21:34:35 DEBUG headers:283 - >> cookie: JSESSIONID=2552E462671D33DC4FC6B40C0DC6BFBF
2019-06-10 21:34:35 DEBUG headers:283 - >> Accept: */*
2019-06-10 21:34:35 DEBUG headers:283 - >> Content-Type: application/json; charset=UTF-8
2019-06-10 21:34:35 DEBUG headers:283 - >> Content-Length: 300
2019-06-10 21:34:35 DEBUG headers:283 - >> Host: localhost:8080
2019-06-10 21:34:35 DEBUG headers:283 - >> Connection: Keep-Alive
2019-06-10 21:34:35 DEBUG headers:283 - >> User-Agent: Apache-HttpClient/4.5.2 (Java/1.8.0_181)
2019-06-10 21:34:35 DEBUG headers:283 - >> Accept-Encoding: gzip,deflate
2019-06-10 21:34:35 DEBUG wire:72 -  >> "{[\n]"
2019-06-10 21:34:35 DEBUG wire:72 -  >> "    "fields": {[\n]"
2019-06-10 21:34:35 DEBUG wire:72 -  >> "       "project":[\n]"
2019-06-10 21:34:35 DEBUG wire:72 -  >> "       { [\n]"
2019-06-10 21:34:35 DEBUG wire:72 -  >> "          "key": "B1901"[\n]"
2019-06-10 21:34:35 DEBUG wire:72 -  >> "       },[\n]"
2019-06-10 21:34:35 DEBUG wire:72 -  >> "       "summary": "Creating Issue form REST Automation Framework.1010PM on 18 Jan 19",[\n]"
2019-06-10 21:34:35 DEBUG wire:72 -  >> "       "description": "Creating issue form REST Automation Framework",[\n]"
2019-06-10 21:34:35 DEBUG wire:72 -  >> "       "issuetype": {[\n]"
2019-06-10 21:34:35 DEBUG wire:72 -  >> "          "name": "Bug"[\n]"
2019-06-10 21:34:35 DEBUG wire:72 -  >> "       }[\n]"
2019-06-10 21:34:35 DEBUG wire:72 -  >> "   }[\n]"
2019-06-10 21:34:35 DEBUG wire:86 -  >> "}"
2019-06-10 21:34:35 DEBUG wire:72 -  << "HTTP/1.1 201 [\r][\n]"
2019-06-10 21:34:35 DEBUG wire:72 -  << "X-AREQUESTID: 1294x86x1[\r][\n]"
2019-06-10 21:34:35 DEBUG wire:72 -  << "X-ASESSIONID: j342x5[\r][\n]"
2019-06-10 21:34:35 DEBUG wire:72 -  << "X-XSS-Protection: 1; mode=block[\r][\n]"
2019-06-10 21:34:35 DEBUG wire:72 -  << "X-Content-Type-Options: nosniff[\r][\n]"
2019-06-10 21:34:35 DEBUG wire:72 -  << "X-Frame-Options: SAMEORIGIN[\r][\n]"
2019-06-10 21:34:35 DEBUG wire:72 -  << "Content-Security-Policy: frame-ancestors 'self'[\r][\n]"
2019-06-10 21:34:35 DEBUG wire:72 -  << "X-ASEN: SEN-L13739518[\r][\n]"
2019-06-10 21:34:35 DEBUG wire:72 -  << "X-Seraph-LoginReason: OK[\r][\n]"
2019-06-10 21:34:35 DEBUG wire:72 -  << "Set-Cookie: atlassian.xsrf.token=BCQS-8XKQ-SSSI-ZZID_d3041e5d711be1f1a140c0252b19434339a68efd_lin; Path=/[\r][\n]"
2019-06-10 21:34:35 DEBUG wire:72 -  << "X-AUSERNAME: testdata[\r][\n]"
2019-06-10 21:34:35 DEBUG wire:72 -  << "Cache-Control: no-cache, no-store, no-transform[\r][\n]"
2019-06-10 21:34:35 DEBUG wire:72 -  << "Content-Encoding: gzip[\r][\n]"
2019-06-10 21:34:35 DEBUG wire:72 -  << "Vary: User-Agent[\r][\n]"
2019-06-10 21:34:35 DEBUG wire:72 -  << "Content-Type: application/json;charset=UTF-8[\r][\n]"
2019-06-10 21:34:35 DEBUG wire:72 -  << "Transfer-Encoding: chunked[\r][\n]"
2019-06-10 21:34:35 DEBUG wire:72 -  << "Date: Tue, 11 Jun 2019 01:34:35 GMT[\r][\n]"
2019-06-10 21:34:35 DEBUG wire:72 -  << "[\r][\n]"
2019-06-10 21:34:35 DEBUG DefaultClientConnection:261 - Receiving response: HTTP/1.1 201 
2019-06-10 21:34:35 DEBUG headers:264 - << HTTP/1.1 201 
2019-06-10 21:34:35 DEBUG headers:267 - << X-AREQUESTID: 1294x86x1
2019-06-10 21:34:35 DEBUG headers:267 - << X-ASESSIONID: j342x5
2019-06-10 21:34:35 DEBUG headers:267 - << X-XSS-Protection: 1; mode=block
2019-06-10 21:34:35 DEBUG headers:267 - << X-Content-Type-Options: nosniff
2019-06-10 21:34:35 DEBUG headers:267 - << X-Frame-Options: SAMEORIGIN
2019-06-10 21:34:35 DEBUG headers:267 - << Content-Security-Policy: frame-ancestors 'self'
2019-06-10 21:34:35 DEBUG headers:267 - << X-ASEN: SEN-L13739518
2019-06-10 21:34:35 DEBUG headers:267 - << X-Seraph-LoginReason: OK
2019-06-10 21:34:35 DEBUG headers:267 - << Set-Cookie: atlassian.xsrf.token=BCQS-8XKQ-SSSI-ZZID_d3041e5d711be1f1a140c0252b19434339a68efd_lin; Path=/
2019-06-10 21:34:35 DEBUG headers:267 - << X-AUSERNAME: testdata
2019-06-10 21:34:35 DEBUG headers:267 - << Cache-Control: no-cache, no-store, no-transform
2019-06-10 21:34:35 DEBUG headers:267 - << Content-Encoding: gzip
2019-06-10 21:34:35 DEBUG headers:267 - << Vary: User-Agent
2019-06-10 21:34:35 DEBUG headers:267 - << Content-Type: application/json;charset=UTF-8
2019-06-10 21:34:35 DEBUG headers:267 - << Transfer-Encoding: chunked
2019-06-10 21:34:35 DEBUG headers:267 - << Date: Tue, 11 Jun 2019 01:34:35 GMT
2019-06-10 21:34:35 DEBUG DefaultHttpClient:511 - Connection can be kept alive indefinitely
2019-06-10 21:34:35 DEBUG RequestSpecificationImpl$RestAssuredHttpBuilder:545 - Parsing response as: application/json;charset=UTF-8
2019-06-10 21:34:35 DEBUG wire:72 -  << "5e[\r][\n]"
2019-06-10 21:34:35 DEBUG wire:86 -  << "[0x1f]"
2019-06-10 21:34:35 DEBUG wire:86 -  << "[0x8b]"
2019-06-10 21:34:35 DEBUG wire:86 -  << "[0x8]"
2019-06-10 21:34:35 DEBUG wire:86 -  << "[0x0]"
2019-06-10 21:34:35 DEBUG wire:86 -  << "[0x0][0x0][0x0][0x0][0x0][0x0]"
2019-06-10 21:34:35 DEBUG RequestSpecificationImpl$RestAssuredHttpBuilder:548 - Parsed data to instance of: class org.apache.http.conn.EofSensorInputStream
2019-06-10 21:34:35 DEBUG RESTCalls:41 - Post Request Specificationsio.restassured.internal.RequestSpecificationImpl@7a48e6e2
2019-06-10 21:34:35 INFO  TestUtils:37 - Getting Response Code
2019-06-10 21:34:35 INFO  TestUtils:39 - Status Code: 201
